<?xml version="1.0" encoding="UTF-8"?>
<testsuite name="Test.be.vdab.math.BreukenTest" tests="4" skipped="0" failures="0" errors="0" timestamp="2018-06-19T10:46:48" hostname="iMac-10.local" time="0.016">
  <properties/>
  <testcase name="breukenKunnenVermenigvuldigdWorden" classname="Test.be.vdab.math.BreukenTest" time="0.014"/>
  <testcase name="negatieveBreukenKunnenOpgeteldWorden" classname="Test.be.vdab.math.BreukenTest" time="0.001"/>
  <testcase name="nulIsNietGeldigAlsNoemer" classname="Test.be.vdab.math.BreukenTest" time="0.0"/>
  <testcase name="breukenKunnenOpgeteldWorden" classname="Test.be.vdab.math.BreukenTest" time="0.001"/>
  <system-out><![CDATA[27/20
-51/20
7/10
]]></system-out>
  <system-err><![CDATA[]]></system-err>
</testsuite>
